<?xml version="1.0" encoding="UTF-8"?>
<testng-results ignored="0" total="8" passed="6" failed="2" skipped="0">
  <reporter-output>
  </reporter-output>
  <suite started-at="2024-03-15T13:52:14 IST" name="Suite" finished-at="2024-03-15T13:54:36 IST" duration-ms="141556">
    <groups>
    </groups>
    <test started-at="2024-03-15T13:52:14 IST" name="Test" finished-at="2024-03-15T13:54:36 IST" duration-ms="141556">
      <class name="testScripts.CreateAndDuplicateLeadTest">
        <test-method is-config="true" signature="classSetup()[pri:0, instance:testScripts.CreateAndDuplicateLeadTest@5b7a5baa]" started-at="2024-03-15T13:54:03 IST" name="classSetup" finished-at="2024-03-15T13:54:03 IST" duration-ms="813" status="PASS">
          <reporter-output>
          </reporter-output>
        </test-method> <!-- classSetup -->
        <test-method is-config="true" signature="methodSetup()[pri:0, instance:testScripts.CreateAndDuplicateLeadTest@5b7a5baa]" started-at="2024-03-15T13:54:03 IST" name="methodSetup" finished-at="2024-03-15T13:54:06 IST" duration-ms="2540" status="PASS">
          <reporter-output>
          </reporter-output>
        </test-method> <!-- methodSetup -->
        <test-method signature="createAndDuplicateLeadTest()[pri:0, instance:testScripts.CreateAndDuplicateLeadTest@5b7a5baa]" started-at="2024-03-15T13:54:06 IST" name="createAndDuplicateLeadTest" finished-at="2024-03-15T13:54:22 IST" duration-ms="16197" status="PASS">
          <reporter-output>
          </reporter-output>
        </test-method> <!-- createAndDuplicateLeadTest -->
        <test-method is-config="true" signature="methodTeardown()[pri:0, instance:testScripts.CreateAndDuplicateLeadTest@5b7a5baa]" started-at="2024-03-15T13:54:22 IST" name="methodTeardown" finished-at="2024-03-15T13:54:23 IST" duration-ms="872" status="PASS">
          <reporter-output>
          </reporter-output>
        </test-method> <!-- methodTeardown -->
        <test-method is-config="true" signature="classTeardown()[pri:0, instance:testScripts.CreateAndDuplicateLeadTest@5b7a5baa]" started-at="2024-03-15T13:54:23 IST" name="classTeardown" finished-at="2024-03-15T13:54:23 IST" duration-ms="161" status="PASS">
          <reporter-output>
          </reporter-output>
        </test-method> <!-- classTeardown -->
      </class> <!-- testScripts.CreateAndDuplicateLeadTest -->
      <class name="testScripts.CreateLeadTest">
        <test-method is-config="true" signature="classSetup()[pri:0, instance:testScripts.CreateLeadTest@5bf0d49]" started-at="2024-03-15T13:53:48 IST" name="classSetup" finished-at="2024-03-15T13:53:49 IST" duration-ms="810" status="PASS">
          <reporter-output>
          </reporter-output>
        </test-method> <!-- classSetup -->
        <test-method is-config="true" signature="methodSetup()[pri:0, instance:testScripts.CreateLeadTest@5bf0d49]" started-at="2024-03-15T13:53:49 IST" name="methodSetup" finished-at="2024-03-15T13:53:52 IST" duration-ms="2526" status="PASS">
          <reporter-output>
          </reporter-output>
        </test-method> <!-- methodSetup -->
        <test-method signature="createNewLeadTest()[pri:0, instance:testScripts.CreateLeadTest@5bf0d49]" started-at="2024-03-15T13:53:52 IST" name="createNewLeadTest" finished-at="2024-03-15T13:54:01 IST" duration-ms="9778" status="PASS">
          <reporter-output>
          </reporter-output>
        </test-method> <!-- createNewLeadTest -->
        <test-method is-config="true" signature="methodTeardown()[pri:0, instance:testScripts.CreateLeadTest@5bf0d49]" started-at="2024-03-15T13:54:01 IST" name="methodTeardown" finished-at="2024-03-15T13:54:02 IST" duration-ms="1008" status="PASS">
          <reporter-output>
          </reporter-output>
        </test-method> <!-- methodTeardown -->
        <test-method is-config="true" signature="classTeardown()[pri:0, instance:testScripts.CreateLeadTest@5bf0d49]" started-at="2024-03-15T13:54:02 IST" name="classTeardown" finished-at="2024-03-15T13:54:03 IST" duration-ms="159" status="PASS">
          <reporter-output>
          </reporter-output>
        </test-method> <!-- classTeardown -->
      </class> <!-- testScripts.CreateLeadTest -->
      <class name="testScripts.CreateOrgWithTypeAndIndustryTest">
        <test-method is-config="true" signature="classSetup()[pri:0, instance:testScripts.CreateOrgWithTypeAndIndustryTest@62379589]" started-at="2024-03-15T13:53:08 IST" name="classSetup" finished-at="2024-03-15T13:53:09 IST" duration-ms="847" status="PASS">
          <reporter-output>
          </reporter-output>
        </test-method> <!-- classSetup -->
        <test-method is-config="true" signature="methodSetup()[pri:0, instance:testScripts.CreateOrgWithTypeAndIndustryTest@62379589]" started-at="2024-03-15T13:53:09 IST" name="methodSetup" finished-at="2024-03-15T13:53:11 IST" duration-ms="2576" status="PASS">
          <reporter-output>
          </reporter-output>
        </test-method> <!-- methodSetup -->
        <test-method signature="createOrgWithTypeAndIndustryTest()[pri:0, instance:testScripts.CreateOrgWithTypeAndIndustryTest@62379589]" started-at="2024-03-15T13:53:11 IST" name="createOrgWithTypeAndIndustryTest" finished-at="2024-03-15T13:53:19 IST" duration-ms="8352" status="PASS">
          <reporter-output>
          </reporter-output>
        </test-method> <!-- createOrgWithTypeAndIndustryTest -->
        <test-method is-config="true" signature="methodTeardown()[pri:0, instance:testScripts.CreateOrgWithTypeAndIndustryTest@62379589]" started-at="2024-03-15T13:53:19 IST" name="methodTeardown" finished-at="2024-03-15T13:53:20 IST" duration-ms="893" status="PASS">
          <reporter-output>
          </reporter-output>
        </test-method> <!-- methodTeardown -->
        <test-method is-config="true" signature="classTeardown()[pri:0, instance:testScripts.CreateOrgWithTypeAndIndustryTest@62379589]" started-at="2024-03-15T13:53:20 IST" name="classTeardown" finished-at="2024-03-15T13:53:21 IST" duration-ms="142" status="PASS">
          <reporter-output>
          </reporter-output>
        </test-method> <!-- classTeardown -->
      </class> <!-- testScripts.CreateOrgWithTypeAndIndustryTest -->
      <class name="testScripts.CreateContactWithExistingOrgTest">
        <test-method is-config="true" signature="classSetup()[pri:0, instance:testScripts.CreateContactWithExistingOrgTest@3754a4bf]" started-at="2024-03-15T13:52:51 IST" name="classSetup" finished-at="2024-03-15T13:52:52 IST" duration-ms="798" status="PASS">
          <reporter-output>
          </reporter-output>
        </test-method> <!-- classSetup -->
        <test-method is-config="true" signature="methodSetup()[pri:0, instance:testScripts.CreateContactWithExistingOrgTest@3754a4bf]" started-at="2024-03-15T13:52:52 IST" name="methodSetup" finished-at="2024-03-15T13:52:54 IST" duration-ms="2491" status="PASS">
          <reporter-output>
          </reporter-output>
        </test-method> <!-- methodSetup -->
        <test-method signature="createContactWithOrgTest()[pri:0, instance:testScripts.CreateContactWithExistingOrgTest@3754a4bf]" started-at="2024-03-15T13:52:54 IST" name="createContactWithOrgTest" finished-at="2024-03-15T13:53:06 IST" duration-ms="11747" status="FAIL">
          <exception class="java.lang.AssertionError">
            <message>
              <![CDATA[The following asserts failed:
expected [Abc57] but found [Abc65]]]>
            </message>
            <full-stacktrace>
              <![CDATA[java.lang.AssertionError: The following asserts failed:
expected [Abc57] but found [Abc65]
at org.testng.asserts.SoftAssert.assertAll(SoftAssert.java:46)
at org.testng.asserts.SoftAssert.assertAll(SoftAssert.java:30)
at testScripts.CreateContactWithExistingOrgTest.createContactWithOrgTest(CreateContactWithExistingOrgTest.java:38)
at java.base/jdk.internal.reflect.NativeMethodAccessorImpl.invoke0(Native Method)
at java.base/jdk.internal.reflect.NativeMethodAccessorImpl.invoke(NativeMethodAccessorImpl.java:77)
at java.base/jdk.internal.reflect.DelegatingMethodAccessorImpl.invoke(DelegatingMethodAccessorImpl.java:43)
at java.base/java.lang.reflect.Method.invoke(Method.java:568)
at org.testng.internal.invokers.MethodInvocationHelper.invokeMethod(MethodInvocationHelper.java:139)
at org.testng.internal.invokers.TestInvoker.invokeMethod(TestInvoker.java:677)
at org.testng.internal.invokers.TestInvoker.invokeTestMethod(TestInvoker.java:221)
at org.testng.internal.invokers.MethodRunner.runInSequence(MethodRunner.java:50)
at org.testng.internal.invokers.TestInvoker$MethodInvocationAgent.invoke(TestInvoker.java:969)
at org.testng.internal.invokers.TestInvoker.invokeTestMethods(TestInvoker.java:194)
at org.testng.internal.invokers.TestMethodWorker.invokeTestMethods(TestMethodWorker.java:148)
at org.testng.internal.invokers.TestMethodWorker.run(TestMethodWorker.java:128)
at java.base/java.util.ArrayList.forEach(ArrayList.java:1511)
at org.testng.TestRunner.privateRun(TestRunner.java:829)
at org.testng.TestRunner.run(TestRunner.java:602)
at org.testng.SuiteRunner.runTest(SuiteRunner.java:437)
at org.testng.SuiteRunner.runSequentially(SuiteRunner.java:431)
at org.testng.SuiteRunner.privateRun(SuiteRunner.java:391)
at org.testng.SuiteRunner.run(SuiteRunner.java:330)
at org.testng.SuiteRunnerWorker.runSuite(SuiteRunnerWorker.java:52)
at org.testng.SuiteRunnerWorker.run(SuiteRunnerWorker.java:95)
at org.testng.TestNG.runSuitesSequentially(TestNG.java:1256)
at org.testng.TestNG.runSuitesLocally(TestNG.java:1176)
at org.testng.TestNG.runSuites(TestNG.java:1099)
at org.testng.TestNG.run(TestNG.java:1067)
at org.testng.remote.AbstractRemoteTestNG.run(AbstractRemoteTestNG.java:115)
at org.testng.remote.RemoteTestNG.initAndRun(RemoteTestNG.java:251)
at org.testng.remote.RemoteTestNG.main(RemoteTestNG.java:77)
]]>
            </full-stacktrace>
          </exception> <!-- java.lang.AssertionError -->
          <reporter-output>
          </reporter-output>
        </test-method> <!-- createContactWithOrgTest -->
        <test-method is-config="true" signature="methodTeardown()[pri:0, instance:testScripts.CreateContactWithExistingOrgTest@3754a4bf]" started-at="2024-03-15T13:53:06 IST" name="methodTeardown" finished-at="2024-03-15T13:53:08 IST" duration-ms="1262" status="PASS">
          <reporter-output>
          </reporter-output>
        </test-method> <!-- methodTeardown -->
        <test-method is-config="true" signature="classTeardown()[pri:0, instance:testScripts.CreateContactWithExistingOrgTest@3754a4bf]" started-at="2024-03-15T13:53:08 IST" name="classTeardown" finished-at="2024-03-15T13:53:08 IST" duration-ms="129" status="PASS">
          <reporter-output>
          </reporter-output>
        </test-method> <!-- classTeardown -->
      </class> <!-- testScripts.CreateContactWithExistingOrgTest -->
      <class name="testScripts.CreateContactTest">
        <test-method is-config="true" signature="classSetup()[pri:0, instance:testScripts.CreateContactTest@5e0e82ae]" started-at="2024-03-15T13:52:14 IST" name="classSetup" finished-at="2024-03-15T13:52:16 IST" duration-ms="1266" status="PASS">
          <reporter-output>
          </reporter-output>
        </test-method> <!-- classSetup -->
        <test-method is-config="true" signature="methodSetup()[pri:0, instance:testScripts.CreateContactTest@5e0e82ae]" started-at="2024-03-15T13:52:16 IST" name="methodSetup" finished-at="2024-03-15T13:52:27 IST" duration-ms="11526" status="PASS">
          <reporter-output>
          </reporter-output>
        </test-method> <!-- methodSetup -->
        <test-method signature="createNewContactTest()[pri:0, instance:testScripts.CreateContactTest@5e0e82ae]" started-at="2024-03-15T13:52:27 IST" name="createNewContactTest" finished-at="2024-03-15T13:52:49 IST" duration-ms="22137" status="FAIL">
          <exception class="java.lang.AssertionError">
            <message>
              <![CDATA[The following asserts failed:
expected [Abc28] but found [Abc65]]]>
            </message>
            <full-stacktrace>
              <![CDATA[java.lang.AssertionError: The following asserts failed:
expected [Abc28] but found [Abc65]
at org.testng.asserts.SoftAssert.assertAll(SoftAssert.java:46)
at org.testng.asserts.SoftAssert.assertAll(SoftAssert.java:30)
at testScripts.CreateContactTest.createNewContactTest(CreateContactTest.java:37)
at java.base/jdk.internal.reflect.NativeMethodAccessorImpl.invoke0(Native Method)
at java.base/jdk.internal.reflect.NativeMethodAccessorImpl.invoke(NativeMethodAccessorImpl.java:77)
at java.base/jdk.internal.reflect.DelegatingMethodAccessorImpl.invoke(DelegatingMethodAccessorImpl.java:43)
at java.base/java.lang.reflect.Method.invoke(Method.java:568)
at org.testng.internal.invokers.MethodInvocationHelper.invokeMethod(MethodInvocationHelper.java:139)
at org.testng.internal.invokers.TestInvoker.invokeMethod(TestInvoker.java:677)
at org.testng.internal.invokers.TestInvoker.invokeTestMethod(TestInvoker.java:221)
at org.testng.internal.invokers.MethodRunner.runInSequence(MethodRunner.java:50)
at org.testng.internal.invokers.TestInvoker$MethodInvocationAgent.invoke(TestInvoker.java:969)
at org.testng.internal.invokers.TestInvoker.invokeTestMethods(TestInvoker.java:194)
at org.testng.internal.invokers.TestMethodWorker.invokeTestMethods(TestMethodWorker.java:148)
at org.testng.internal.invokers.TestMethodWorker.run(TestMethodWorker.java:128)
at java.base/java.util.ArrayList.forEach(ArrayList.java:1511)
at org.testng.TestRunner.privateRun(TestRunner.java:829)
at org.testng.TestRunner.run(TestRunner.java:602)
at org.testng.SuiteRunner.runTest(SuiteRunner.java:437)
at org.testng.SuiteRunner.runSequentially(SuiteRunner.java:431)
at org.testng.SuiteRunner.privateRun(SuiteRunner.java:391)
at org.testng.SuiteRunner.run(SuiteRunner.java:330)
at org.testng.SuiteRunnerWorker.runSuite(SuiteRunnerWorker.java:52)
at org.testng.SuiteRunnerWorker.run(SuiteRunnerWorker.java:95)
at org.testng.TestNG.runSuitesSequentially(TestNG.java:1256)
at org.testng.TestNG.runSuitesLocally(TestNG.java:1176)
at org.testng.TestNG.runSuites(TestNG.java:1099)
at org.testng.TestNG.run(TestNG.java:1067)
at org.testng.remote.AbstractRemoteTestNG.run(AbstractRemoteTestNG.java:115)
at org.testng.remote.RemoteTestNG.initAndRun(RemoteTestNG.java:251)
at org.testng.remote.RemoteTestNG.main(RemoteTestNG.java:77)
]]>
            </full-stacktrace>
          </exception> <!-- java.lang.AssertionError -->
          <reporter-output>
          </reporter-output>
        </test-method> <!-- createNewContactTest -->
        <test-method is-config="true" signature="methodTeardown()[pri:0, instance:testScripts.CreateContactTest@5e0e82ae]" started-at="2024-03-15T13:52:50 IST" name="methodTeardown" finished-at="2024-03-15T13:52:51 IST" duration-ms="1426" status="PASS">
          <reporter-output>
          </reporter-output>
        </test-method> <!-- methodTeardown -->
        <test-method is-config="true" signature="classTeardown()[pri:0, instance:testScripts.CreateContactTest@5e0e82ae]" started-at="2024-03-15T13:52:51 IST" name="classTeardown" finished-at="2024-03-15T13:52:51 IST" duration-ms="170" status="PASS">
          <reporter-output>
          </reporter-output>
        </test-method> <!-- classTeardown -->
      </class> <!-- testScripts.CreateContactTest -->
      <class name="testScripts.CreateEventTest">
        <test-method is-config="true" signature="classSetup()[pri:0, instance:testScripts.CreateEventTest@175c2241]" started-at="2024-03-15T13:53:39 IST" name="classSetup" finished-at="2024-03-15T13:53:40 IST" duration-ms="791" status="PASS">
          <reporter-output>
          </reporter-output>
        </test-method> <!-- classSetup -->
        <test-method is-config="true" signature="methodSetup()[pri:0, instance:testScripts.CreateEventTest@175c2241]" started-at="2024-03-15T13:53:40 IST" name="methodSetup" finished-at="2024-03-15T13:53:42 IST" duration-ms="2312" status="PASS">
          <reporter-output>
          </reporter-output>
        </test-method> <!-- methodSetup -->
        <test-method signature="createNewEventTest()[pri:0, instance:testScripts.CreateEventTest@175c2241]" started-at="2024-03-15T13:53:42 IST" name="createNewEventTest" finished-at="2024-03-15T13:53:47 IST" duration-ms="5243" status="PASS">
          <reporter-output>
          </reporter-output>
        </test-method> <!-- createNewEventTest -->
        <test-method is-config="true" signature="methodTeardown()[pri:0, instance:testScripts.CreateEventTest@175c2241]" started-at="2024-03-15T13:53:47 IST" name="methodTeardown" finished-at="2024-03-15T13:53:48 IST" duration-ms="956" status="PASS">
          <reporter-output>
          </reporter-output>
        </test-method> <!-- methodTeardown -->
        <test-method is-config="true" signature="classTeardown()[pri:0, instance:testScripts.CreateEventTest@175c2241]" started-at="2024-03-15T13:53:48 IST" name="classTeardown" finished-at="2024-03-15T13:53:48 IST" duration-ms="121" status="PASS">
          <reporter-output>
          </reporter-output>
        </test-method> <!-- classTeardown -->
      </class> <!-- testScripts.CreateEventTest -->
      <class name="testScripts.CreateAndDeleteLeadTest">
        <test-method is-config="true" signature="classSetup()[pri:0, instance:testScripts.CreateAndDeleteLeadTest@4afcd809]" started-at="2024-03-15T13:53:21 IST" name="classSetup" finished-at="2024-03-15T13:53:21 IST" duration-ms="743" status="PASS">
          <reporter-output>
          </reporter-output>
        </test-method> <!-- classSetup -->
        <test-method is-config="true" signature="methodSetup()[pri:0, instance:testScripts.CreateAndDeleteLeadTest@4afcd809]" started-at="2024-03-15T13:53:21 IST" name="methodSetup" finished-at="2024-03-15T13:53:24 IST" duration-ms="2429" status="PASS">
          <reporter-output>
          </reporter-output>
        </test-method> <!-- methodSetup -->
        <test-method signature="createAndDeleteLeadTest()[pri:0, instance:testScripts.CreateAndDeleteLeadTest@4afcd809]" started-at="2024-03-15T13:53:24 IST" name="createAndDeleteLeadTest" finished-at="2024-03-15T13:53:38 IST" duration-ms="14027" status="PASS">
          <reporter-output>
          </reporter-output>
        </test-method> <!-- createAndDeleteLeadTest -->
        <test-method is-config="true" signature="methodTeardown()[pri:0, instance:testScripts.CreateAndDeleteLeadTest@4afcd809]" started-at="2024-03-15T13:53:38 IST" name="methodTeardown" finished-at="2024-03-15T13:53:39 IST" duration-ms="989" status="PASS">
          <reporter-output>
          </reporter-output>
        </test-method> <!-- methodTeardown -->
        <test-method is-config="true" signature="classTeardown()[pri:0, instance:testScripts.CreateAndDeleteLeadTest@4afcd809]" started-at="2024-03-15T13:53:39 IST" name="classTeardown" finished-at="2024-03-15T13:53:39 IST" duration-ms="165" status="PASS">
          <reporter-output>
          </reporter-output>
        </test-method> <!-- classTeardown -->
      </class> <!-- testScripts.CreateAndDeleteLeadTest -->
      <class name="testScripts.CreateOrgTest">
        <test-method is-config="true" signature="classSetup()[pri:0, instance:testScripts.CreateOrgTest@776aec5c]" started-at="2024-03-15T13:54:23 IST" name="classSetup" finished-at="2024-03-15T13:54:24 IST" duration-ms="764" status="PASS">
          <reporter-output>
          </reporter-output>
        </test-method> <!-- classSetup -->
        <test-method is-config="true" signature="methodSetup()[pri:0, instance:testScripts.CreateOrgTest@776aec5c]" started-at="2024-03-15T13:54:24 IST" name="methodSetup" finished-at="2024-03-15T13:54:26 IST" duration-ms="2542" status="PASS">
          <reporter-output>
          </reporter-output>
        </test-method> <!-- methodSetup -->
        <test-method signature="createNewOrgTest()[pri:0, instance:testScripts.CreateOrgTest@776aec5c]" started-at="2024-03-15T13:54:26 IST" name="createNewOrgTest" finished-at="2024-03-15T13:54:35 IST" duration-ms="8191" status="PASS">
          <reporter-output>
          </reporter-output>
        </test-method> <!-- createNewOrgTest -->
        <test-method is-config="true" signature="methodTeardown()[pri:0, instance:testScripts.CreateOrgTest@776aec5c]" started-at="2024-03-15T13:54:35 IST" name="methodTeardown" finished-at="2024-03-15T13:54:36 IST" duration-ms="931" status="PASS">
          <reporter-output>
          </reporter-output>
        </test-method> <!-- methodTeardown -->
        <test-method is-config="true" signature="classTeardown()[pri:0, instance:testScripts.CreateOrgTest@776aec5c]" started-at="2024-03-15T13:54:36 IST" name="classTeardown" finished-at="2024-03-15T13:54:36 IST" duration-ms="126" status="PASS">
          <reporter-output>
          </reporter-output>
        </test-method> <!-- classTeardown -->
      </class> <!-- testScripts.CreateOrgTest -->
    </test> <!-- Test -->
  </suite> <!-- Suite -->
</testng-results>
